<?xml version="1.0" encoding="UTF-8"?>
<!-- Generated by org.testng.reporters.JUnitXMLReporter -->
<testsuite hostname="sbstjwsvm956" ignored="0" name="Default test" tests="45" failures="0" timestamp="03 Apr 2019 08:17:51 GMT" time="0.117" errors="0">
  <testcase name="@BeforeClass openBrowser" time="0.0" classname="Suntec.xbmcsanitytest.Maintest">
    <failure type="org.testng.TestNGException" message="
Parameter &amp;apos;browser&amp;apos; is required by BeforeClass on method openBrowser but has not been marked @Optional or defined
in C:\Users\karthikeyans\AppData\Local\Temp\testng-eclipse--685798030\testng-customsuite.xml">
      <![CDATA[org.testng.TestNGException: 
Parameter 'browser' is required by BeforeClass on method openBrowser but has not been marked @Optional or defined
in C:\Users\karthikeyans\AppData\Local\Temp\testng-eclipse--685798030\testng-customsuite.xml
at org.testng.internal.Parameters.createParams(Parameters.java:290)
at org.testng.internal.Parameters.createParametersForMethod(Parameters.java:359)
at org.testng.internal.Parameters.createParameters(Parameters.java:620)
at org.testng.internal.Parameters.createConfigurationParameters(Parameters.java:190)
at org.testng.internal.Invoker.invokeConfigurations(Invoker.java:209)
at org.testng.internal.Invoker.invokeConfigurations(Invoker.java:142)
at org.testng.internal.TestMethodWorker.invokeBeforeClassMethods(TestMethodWorker.java:168)
at org.testng.internal.TestMethodWorker.run(TestMethodWorker.java:105)
at org.testng.TestRunner.privateRun(TestRunner.java:648)
at org.testng.TestRunner.run(TestRunner.java:505)
at org.testng.SuiteRunner.runTest(SuiteRunner.java:455)
at org.testng.SuiteRunner.runSequentially(SuiteRunner.java:450)
at org.testng.SuiteRunner.privateRun(SuiteRunner.java:415)
at org.testng.SuiteRunner.run(SuiteRunner.java:364)
at org.testng.SuiteRunnerWorker.runSuite(SuiteRunnerWorker.java:52)
at org.testng.SuiteRunnerWorker.run(SuiteRunnerWorker.java:84)
at org.testng.TestNG.runSuitesSequentially(TestNG.java:1208)
at org.testng.TestNG.runSuitesLocally(TestNG.java:1137)
at org.testng.TestNG.runSuites(TestNG.java:1049)
at org.testng.TestNG.run(TestNG.java:1017)
at org.testng.remote.AbstractRemoteTestNG.run(AbstractRemoteTestNG.java:114)
at org.testng.remote.RemoteTestNG.initAndRun(RemoteTestNG.java:251)
at org.testng.remote.RemoteTestNG.main(RemoteTestNG.java:77)
]]>
    </failure>
  </testcase> <!-- @BeforeClass openBrowser -->
  <testcase name="@AfterClass close_Browser" time="0.0" classname="Suntec.xbmcsanitytest.Maintest">
    <skipped/>
  </testcase> <!-- @AfterClass close_Browser -->
  <testcase name="open_XBMCURL" time="0.0" classname="Suntec.xbmcsanitytest.Maintest">
    <skipped/>
  </testcase> <!-- open_XBMCURL -->
  <testcase name="xbmc_enter_Login_Credentials_and_click_login_button" time="0.0" classname="Suntec.xbmcsanitytest.Maintest">
    <skipped/>
  </testcase> <!-- xbmc_enter_Login_Credentials_and_click_login_button -->
  <testcase name="xbmc_ContextPageSetup_Department_selection" time="0.0" classname="Suntec.xbmcsanitytest.Maintest">
    <skipped/>
  </testcase> <!-- xbmc_ContextPageSetup_Department_selection -->
  <testcase name="xbmc_ContextPageSetup_Module_Selection" time="0.0" classname="Suntec.xbmcsanitytest.Maintest">
    <skipped/>
  </testcase> <!-- xbmc_ContextPageSetup_Module_Selection -->
  <testcase name="xbmc_ContextPageSetup_Fetch_Release_button_click" time="0.0" classname="Suntec.xbmcsanitytest.Maintest">
    <skipped/>
  </testcase> <!-- xbmc_ContextPageSetup_Fetch_Release_button_click -->
  <testcase name="xbmc_ContextPageSetup_Releaselist_Selection" time="0.0" classname="Suntec.xbmcsanitytest.Maintest">
    <skipped/>
  </testcase> <!-- xbmc_ContextPageSetup_Releaselist_Selection -->
  <testcase name="xbmc_ContextPageSetup_PMSlist_Selection" time="0.0" classname="Suntec.xbmcsanitytest.Maintest">
    <skipped/>
  </testcase> <!-- xbmc_ContextPageSetup_PMSlist_Selection -->
  <testcase name="xbmc_ContextPageSetup_SetContext_button_click" time="0.0" classname="Suntec.xbmcsanitytest.Maintest">
    <skipped/>
  </testcase> <!-- xbmc_ContextPageSetup_SetContext_button_click -->
  <testcase name="xbmc_assetpage_Assetsearch" time="0.0" classname="Suntec.xbmcsanitytest.Maintest">
    <skipped/>
  </testcase> <!-- xbmc_assetpage_Assetsearch -->
  <testcase name="xbmc_bpdesignerpage_BPdesign" time="0.0" classname="Suntec.xbmcsanitytest.Maintest">
    <skipped/>
  </testcase> <!-- xbmc_bpdesignerpage_BPdesign -->
  <testcase name="xbmc_codegenapi_getCodegenresponse_for_give_input_parameter" time="0.0" classname="Suntec.xbmcsanitytest.Maintest">
    <skipped/>
  </testcase> <!-- xbmc_codegenapi_getCodegenresponse_for_give_input_parameter -->
  <testcase name="xbmc_uploadtempleteXML_updateNIFIProperties" time="0.0" classname="Suntec.xbmcsanitytest.Maintest">
    <skipped/>
  </testcase> <!-- xbmc_uploadtempleteXML_updateNIFIProperties -->
  <testcase name="open_adminconsole_URL" time="0.0" classname="Suntec.xbmcsanitytest.Maintest">
    <skipped/>
  </testcase> <!-- open_adminconsole_URL -->
  <testcase name="to_check_homeicon_sunteclogo_paginationicon_inadminconsole_UI" time="0.0" classname="Suntec.xbmcsanitytest.Maintest">
    <skipped/>
  </testcase> <!-- to_check_homeicon_sunteclogo_paginationicon_inadminconsole_UI -->
  <testcase name="to_check_whether_BPlist_table_is_available_in_UI" time="0.0" classname="Suntec.xbmcsanitytest.Maintest">
    <skipped/>
  </testcase> <!-- to_check_whether_BPlist_table_is_available_in_UI -->
  <testcase name="to_check_whether_BPTable_have_Assetlist" time="0.0" classname="Suntec.xbmcsanitytest.Maintest">
    <skipped/>
  </testcase> <!-- to_check_whether_BPTable_have_Assetlist -->
  <testcase name="check_whether_Norecordsfound_is_displayed_in_the_BPAsset_table_when_user_searched_bpasset_that_is_not_prestent_in_assettable" time="0.0" classname="Suntec.xbmcsanitytest.Maintest">
    <skipped/>
  </testcase> <!-- check_whether_Norecordsfound_is_displayed_in_the_BPAsset_table_when_user_searched_bpasset_that_is_not_prestent_in_assettable -->
  <testcase name="check_whether_Norecordsfound_is_displayed_in_the_BPAsset_table_when_user_searched_status_is_not_prestent_in_assettable" time="0.0" classname="Suntec.xbmcsanitytest.Maintest">
    <skipped/>
  </testcase> <!-- check_whether_Norecordsfound_is_displayed_in_the_BPAsset_table_when_user_searched_status_is_not_prestent_in_assettable -->
  <testcase name="to_verify_BPname_Filter_by_valuable_assetname" time="0.0" classname="Suntec.xbmcsanitytest.Maintest">
    <skipped/>
  </testcase> <!-- to_verify_BPname_Filter_by_valuable_assetname -->
  <testcase name="check_whether_Status_is_inactive" time="0.0" classname="Suntec.xbmcsanitytest.Maintest">
    <skipped/>
  </testcase> <!-- check_whether_Status_is_inactive -->
  <testcase name="Start_inactive_BPasset_by_click_play_button_in_adminconsole" time="0.0" classname="Suntec.xbmcsanitytest.Maintest">
    <skipped/>
  </testcase> <!-- Start_inactive_BPasset_by_click_play_button_in_adminconsole -->
  <testcase name="check_whether_the_status_is_changed_from_Inactive_to_Active" time="0.0" classname="Suntec.xbmcsanitytest.Maintest">
    <skipped/>
  </testcase> <!-- check_whether_the_status_is_changed_from_Inactive_to_Active -->
  <testcase name="check_whether_user_can_start_ActivestateBPflow_by_clicking_Startbutton" time="0.0" classname="Suntec.xbmcsanitytest.Maintest">
    <skipped/>
  </testcase> <!-- check_whether_user_can_start_ActivestateBPflow_by_clicking_Startbutton -->
  <testcase name="move_to_bpsession_page_by_click_BPsessionbutton" time="0.0" classname="Suntec.xbmcsanitytest.Maintest">
    <skipped/>
  </testcase> <!-- move_to_bpsession_page_by_click_BPsessionbutton -->
  <testcase name="To_check_GUI_of_SessionDetail_page" time="0.0" classname="Suntec.xbmcsanitytest.Maintest">
    <skipped/>
  </testcase> <!-- To_check_GUI_of_SessionDetail_page -->
  <testcase name="check_paginator_is_available_with_left_and_right_arrow" time="0.0" classname="Suntec.xbmcsanitytest.Maintest">
    <skipped/>
  </testcase> <!-- check_paginator_is_available_with_left_and_right_arrow -->
  <testcase name="check_paginator_arrows_are_enabled_based_on_pages" time="0.0" classname="Suntec.xbmcsanitytest.Maintest">
    <skipped/>
  </testcase> <!-- check_paginator_arrows_are_enabled_based_on_pages -->
  <testcase name="check_NOrecordfound_displayed_while_search_wrong_SessionID" time="0.0" classname="Suntec.xbmcsanitytest.Maintest">
    <skipped/>
  </testcase> <!-- check_NOrecordfound_displayed_while_search_wrong_SessionID -->
  <testcase name="check_NOrecordfound_displayed_while_search_wrong_Status" time="0.0" classname="Suntec.xbmcsanitytest.Maintest">
    <skipped/>
  </testcase> <!-- check_NOrecordfound_displayed_while_search_wrong_Status -->
  <testcase name="check_NOrecordfound_displayed_while_search_wrong_Startdate" time="0.0" classname="Suntec.xbmcsanitytest.Maintest">
    <skipped/>
  </testcase> <!-- check_NOrecordfound_displayed_while_search_wrong_Startdate -->
  <testcase name="check_NOrecordfound_displayed_while_search_wrong_Enddate" time="0.0" classname="Suntec.xbmcsanitytest.Maintest">
    <skipped/>
  </testcase> <!-- check_NOrecordfound_displayed_while_search_wrong_Enddate -->
  <testcase name="check_NOrecordfound_displayed_while_search_wrong_successevent" time="0.0" classname="Suntec.xbmcsanitytest.Maintest">
    <skipped/>
  </testcase> <!-- check_NOrecordfound_displayed_while_search_wrong_successevent -->
  <testcase name="back_to_adminconsole_home_page" time="0.0" classname="Suntec.xbmcsanitytest.Maintest">
    <skipped/>
  </testcase> <!-- back_to_adminconsole_home_page -->
  <testcase name="check_able_to_search_Sessions_using_SessionID" time="0.0" classname="Suntec.xbmcsanitytest.Maintest">
    <skipped/>
  </testcase> <!-- check_able_to_search_Sessions_using_SessionID -->
  <testcase name="check_able_to_search_Sessions_using_Sessionstatus" time="0.0" classname="Suntec.xbmcsanitytest.Maintest">
    <skipped/>
  </testcase> <!-- check_able_to_search_Sessions_using_Sessionstatus -->
  <testcase name="check_able_to_search_sessions_by_start_date" time="0.0" classname="Suntec.xbmcsanitytest.Maintest">
    <skipped/>
  </testcase> <!-- check_able_to_search_sessions_by_start_date -->
  <testcase name="check_able_to_search_sessions_by_end_date" time="0.0" classname="Suntec.xbmcsanitytest.Maintest">
    <skipped/>
  </testcase> <!-- check_able_to_search_sessions_by_end_date -->
  <testcase name="check_able_to_search_sessions_by_Success_eventcount" time="0.0" classname="Suntec.xbmcsanitytest.Maintest">
    <skipped/>
  </testcase> <!-- check_able_to_search_sessions_by_Success_eventcount -->
  <testcase name="to_check_only_one_flow_is_running_for_asset" time="0.0" classname="Suntec.xbmcsanitytest.Maintest">
    <skipped/>
  </testcase> <!-- to_check_only_one_flow_is_running_for_asset -->
  <testcase name="xbmc_pass_inputdata_through_assetAPI" time="0.0" classname="Suntec.xbmcsanitytest.Maintest">
    <skipped/>
  </testcase> <!-- xbmc_pass_inputdata_through_assetAPI -->
  <testcase name="xbmc_stop_bpflow" time="0.0" classname="Suntec.xbmcsanitytest.Maintest">
    <skipped/>
  </testcase> <!-- xbmc_stop_bpflow -->
  <testcase name="xbmc_BPsession_page_validation" time="0.0" classname="Suntec.xbmcsanitytest.Maintest">
    <skipped/>
  </testcase> <!-- xbmc_BPsession_page_validation -->
  <testcase name="To_check_disablestopbutton_and_enabled_resumebutton_and_resume_BPSession_for_reprocess_the_failed_data" time="0.0" classname="Suntec.xbmcsanitytest.Maintest">
    <skipped/>
  </testcase> <!-- To_check_disablestopbutton_and_enabled_resumebutton_and_resume_BPSession_for_reprocess_the_failed_data -->
  <testcase name="check_wheather_assetname_sessionid_staus_is_available_correctly_in_BP_session_dashboard" time="0.0" classname="Suntec.xbmcsanitytest.Maintest">
    <skipped/>
  </testcase> <!-- check_wheather_assetname_sessionid_staus_is_available_correctly_in_BP_session_dashboard -->
  <testcase name="check_wheather_assetname_sessionID_is_same_as_in_BP_session_traceability" time="0.0" classname="Suntec.xbmcsanitytest.Maintest">
    <skipped/>
  </testcase> <!-- check_wheather_assetname_sessionID_is_same_as_in_BP_session_traceability -->
</testsuite> <!-- Default test -->
