<?xml version="1.0" encoding="UTF-8"?>
<!-- Generated by org.testng.reporters.JUnitXMLReporter -->
<testsuite hostname="sbstjwsvm956" ignored="57" name="Test" tests="26" failures="1" timestamp="23 May 2019 12:13:04 GMT" time="74.737" errors="0">
  <testcase name="open_XBMCURL" time="1.134" classname="Suntec.xbmcsanitytest.Fullflow"/>
  <testcase name="xbmc_enter_Login_Credentials_and_click_login_button" time="11.014" classname="Suntec.xbmcsanitytest.Fullflow"/>
  <testcase name="xbmc_ContextPageSetup_Department_selection" time="0.601" classname="Suntec.xbmcsanitytest.Fullflow"/>
  <testcase name="xbmc_ContextPageSetup_Module_Selection" time="0.318" classname="Suntec.xbmcsanitytest.Fullflow"/>
  <testcase name="xbmc_ContextPageSetup_Fetch_Release_button_click" time="0.149" classname="Suntec.xbmcsanitytest.Fullflow"/>
  <testcase name="xbmc_ContextPageSetup_Releaselist_Selection" time="0.351" classname="Suntec.xbmcsanitytest.Fullflow"/>
  <testcase name="xbmc_ContextPageSetup_PMSlist_Selection" time="0.437" classname="Suntec.xbmcsanitytest.Fullflow"/>
  <testcase name="xbmc_ContextPageSetup_SetContext_button_click" time="0.186" classname="Suntec.xbmcsanitytest.Fullflow"/>
  <testcase name="xbmc_assetpage_Assetsearch" time="7.919" classname="Suntec.xbmcsanitytest.Fullflow"/>
  <testcase name="xbmc_bpdesignerpage_assetname_check" time="0.187" classname="Suntec.xbmcsanitytest.Fullflow"/>
  <testcase name="xbmc_bpdesignerpage_designPallet_cleanup" time="0.431" classname="Suntec.xbmcsanitytest.Fullflow"/>
  <testcase name="xbmc_bpdesignerpage_open_configurationBP_clickISprofilablecheckbox_setting" time="0.383" classname="Suntec.xbmcsanitytest.Fullflow"/>
  <testcase name="xbmc_bpdesignerpage_configurationBP_delete_oldprocessVariable_setting" time="0.864" classname="Suntec.xbmcsanitytest.Fullflow"/>
  <testcase name="xbmc_bpdesignerpage_configurationBP_check_wrong_defaultNumber_processVariable" time="3.611" classname="Suntec.xbmcsanitytest.Fullflow"/>
  <testcase name="xbmc_bpdesignerpage_configurationBP_check_empty_defaultNumber_processvariable" time="2.841" classname="Suntec.xbmcsanitytest.Fullflow"/>
  <testcase name="xbmc_bpdesignerpage_configurationBP_check_empty_name_as_processVariable" time="2.705" classname="Suntec.xbmcsanitytest.Fullflow"/>
  <testcase name="xbmc_bpdesignerpage_configurationBP_check_wrong_name_as_processVariable" time="2.638" classname="Suntec.xbmcsanitytest.Fullflow">
    <failure type="java.lang.AssertionError" message="xbmc_bpdesignerpage_configurationBP_check_empty_name_processVariable ">
      <![CDATA[java.lang.AssertionError: xbmc_bpdesignerpage_configurationBP_check_empty_name_processVariable 
at Suntec.xbmcsanitytest.Fullflow.xbmc_bpdesignerpage_configurationBP_check_wrong_name_as_processVariable(Fullflow.java:409)
... Removed 26 stack frames]]>
    </failure>
  </testcase> <!-- xbmc_bpdesignerpage_configurationBP_check_wrong_name_as_processVariable -->
  <testcase name="xbmc_bpdesignerpage_configurationBP_check_empty_description_processVariable" time="2.573" classname="Suntec.xbmcsanitytest.Fullflow"/>
  <testcase name="xbmc_bpdesignerpage_configurationBP_add_processVariable_setting" time="8.579" classname="Suntec.xbmcsanitytest.Fullflow"/>
  <testcase name="xbmc_bpdesignerpage_startoperator_draganddrop" time="9.211" classname="Suntec.xbmcsanitytest.Fullflow"/>
  <testcase name="xbmc_bpdesignerpage_startoperator_bussinessSettings" time="0.232" classname="Suntec.xbmcsanitytest.Fullflow"/>
  <testcase name="xbmc_bpdesignerpage_startoperator_properties_Settings_and_Save" time="0.784" classname="Suntec.xbmcsanitytest.Fullflow"/>
  <testcase name="xbmc_bpdesignerpage_invokeBSoperator_draganddrop" time="6.671" classname="Suntec.xbmcsanitytest.Fullflow"/>
  <testcase name="xbmc_bpdesignerpage_invokeBSoperator_business_settings" time="0.526" classname="Suntec.xbmcsanitytest.Fullflow"/>
  <testcase name="xbmc_bpdesignerpage_invokeBSoperator_IPmapping_settings" time="1.912" classname="Suntec.xbmcsanitytest.Fullflow"/>
  <testcase name="open_XBMCURL" time="4.218" classname="Suntec.xbmcsanitytest.FileInputChannelIntegration"/>
  <testcase name="xbmc_BPdesignerpage_BPflowsave" time="0.0" classname="Suntec.xbmcsanitytest.Fullflow">
    <ignored/>
  </testcase> <!-- xbmc_BPdesignerpage_BPflowsave -->
  <testcase name="xbmc_bpdesignerpage_join2operator_draganddrop" time="0.0" classname="Suntec.xbmcsanitytest.Fullflow">
    <ignored/>
  </testcase> <!-- xbmc_bpdesignerpage_join2operator_draganddrop -->
  <testcase name="xbmc_bpdesignerpage_DMExclusiveoperator_setting" time="0.0" classname="Suntec.xbmcsanitytest.Fullflow">
    <ignored/>
  </testcase> <!-- xbmc_bpdesignerpage_DMExclusiveoperator_setting -->
  <testcase name="xbmc_BPsession_page_validation" time="0.0" classname="Suntec.xbmcsanitytest.Fullflow">
    <ignored/>
  </testcase> <!-- xbmc_BPsession_page_validation -->
  <testcase name="xbmc_bpdesignerpage_end2operator_settings" time="0.0" classname="Suntec.xbmcsanitytest.Fullflow">
    <ignored/>
  </testcase> <!-- xbmc_bpdesignerpage_end2operator_settings -->
  <testcase name="check_whether_user_can_start_ActivestateBPflow_by_clicking_Startbutton" time="0.0" classname="Suntec.xbmcsanitytest.Fullflow">
    <ignored/>
  </testcase> <!-- check_whether_user_can_start_ActivestateBPflow_by_clicking_Startbutton -->
  <testcase name="xbmc_bpdesignerpage_Join_and_End1_smartConnector" time="0.0" classname="Suntec.xbmcsanitytest.Fullflow">
    <ignored/>
  </testcase> <!-- xbmc_bpdesignerpage_Join_and_End1_smartConnector -->
  <testcase name="xbmc_bpdesignerpage_invokeBS_and_DMExclusive_normalConnector" time="0.0" classname="Suntec.xbmcsanitytest.Fullflow">
    <ignored/>
  </testcase> <!-- xbmc_bpdesignerpage_invokeBS_and_DMExclusive_normalConnector -->
  <testcase name="check_wheather_assetname_sessionid_staus_is_available_correctly_in_BP_session_dashboard" time="0.0" classname="Suntec.xbmcsanitytest.Fullflow">
    <ignored/>
  </testcase> <!-- check_wheather_assetname_sessionid_staus_is_available_correctly_in_BP_session_dashboard -->
  <testcase name="xbmc_stop_bpflow" time="0.0" classname="Suntec.xbmcsanitytest.Fullflow">
    <ignored/>
  </testcase> <!-- xbmc_stop_bpflow -->
  <testcase name="to_check_only_one_flow_is_running_for_asset" time="0.0" classname="Suntec.xbmcsanitytest.Fullflow">
    <ignored/>
  </testcase> <!-- to_check_only_one_flow_is_running_for_asset -->
  <testcase name="xbmc_bpdesignerpage_DMInclusiveoperator_settings" time="0.0" classname="Suntec.xbmcsanitytest.Fullflow">
    <ignored/>
  </testcase> <!-- xbmc_bpdesignerpage_DMInclusiveoperator_settings -->
  <testcase name="check_NOrecordfound_displayed_while_search_wrong_SessionID" time="0.0" classname="Suntec.xbmcsanitytest.Fullflow">
    <ignored/>
  </testcase> <!-- check_NOrecordfound_displayed_while_search_wrong_SessionID -->
  <testcase name="check_whether_Norecordsfound_is_displayed_in_the_BPAsset_table_when_user_searched_status_is_not_prestent_in_assettable" time="0.0" classname="Suntec.xbmcsanitytest.Fullflow">
    <ignored/>
  </testcase> <!-- check_whether_Norecordsfound_is_displayed_in_the_BPAsset_table_when_user_searched_status_is_not_prestent_in_assettable -->
  <testcase name="to_check_whether_BPTable_have_Assetlist" time="0.0" classname="Suntec.xbmcsanitytest.Fullflow">
    <ignored/>
  </testcase> <!-- to_check_whether_BPTable_have_Assetlist -->
  <testcase name="check_NOrecordfound_displayed_while_search_wrong_Startdate" time="0.0" classname="Suntec.xbmcsanitytest.Fullflow">
    <ignored/>
  </testcase> <!-- check_NOrecordfound_displayed_while_search_wrong_Startdate -->
  <testcase name="xbmc_bpdesignerpage_JoinEnd1_smartConnector_settings" time="0.0" classname="Suntec.xbmcsanitytest.Fullflow">
    <ignored/>
  </testcase> <!-- xbmc_bpdesignerpage_JoinEnd1_smartConnector_settings -->
  <testcase name="xbmc_bpdesignerpage_Join_and_DMInclusive_normalConnector" time="0.0" classname="Suntec.xbmcsanitytest.Fullflow">
    <ignored/>
  </testcase> <!-- xbmc_bpdesignerpage_Join_and_DMInclusive_normalConnector -->
  <testcase name="check_able_to_search_sessions_by_Success_eventcount" time="0.0" classname="Suntec.xbmcsanitytest.Fullflow">
    <ignored/>
  </testcase> <!-- check_able_to_search_sessions_by_Success_eventcount -->
  <testcase name="check_paginator_arrows_are_enabled_based_on_pages" time="0.0" classname="Suntec.xbmcsanitytest.Fullflow">
    <ignored/>
  </testcase> <!-- check_paginator_arrows_are_enabled_based_on_pages -->
  <testcase name="xbmc_bpdesignerpage_end1operator_settings" time="0.0" classname="Suntec.xbmcsanitytest.Fullflow">
    <ignored/>
  </testcase> <!-- xbmc_bpdesignerpage_end1operator_settings -->
  <testcase name="check_NOrecordfound_displayed_while_search_wrong_Status" time="0.0" classname="Suntec.xbmcsanitytest.Fullflow">
    <ignored/>
  </testcase> <!-- check_NOrecordfound_displayed_while_search_wrong_Status -->
  <testcase name="check_NOrecordfound_displayed_while_search_wrong_successevent" time="0.0" classname="Suntec.xbmcsanitytest.Fullflow">
    <ignored/>
  </testcase> <!-- check_NOrecordfound_displayed_while_search_wrong_successevent -->
  <testcase name="to_check_homeicon_sunteclogo_paginationicon_inadminconsole_UI" time="0.0" classname="Suntec.xbmcsanitytest.Fullflow">
    <ignored/>
  </testcase> <!-- to_check_homeicon_sunteclogo_paginationicon_inadminconsole_UI -->
  <testcase name="back_to_adminconsole_home_page" time="0.0" classname="Suntec.xbmcsanitytest.Fullflow">
    <ignored/>
  </testcase> <!-- back_to_adminconsole_home_page -->
  <testcase name="check_paginator_is_available_with_left_and_right_arrow" time="0.0" classname="Suntec.xbmcsanitytest.Fullflow">
    <ignored/>
  </testcase> <!-- check_paginator_is_available_with_left_and_right_arrow -->
  <testcase name="to_check_whether_BPlist_table_is_available_in_UI" time="0.0" classname="Suntec.xbmcsanitytest.Fullflow">
    <ignored/>
  </testcase> <!-- to_check_whether_BPlist_table_is_available_in_UI -->
  <testcase name="xbmc_bpdesignerpage_invokeBSoperator_OPmapping_settings" time="0.0" classname="Suntec.xbmcsanitytest.Fullflow">
    <ignored/>
  </testcase> <!-- xbmc_bpdesignerpage_invokeBSoperator_OPmapping_settings -->
  <testcase name="xbmc_BPdesignerpage_BPflow_validation_after_save" time="0.0" classname="Suntec.xbmcsanitytest.Fullflow">
    <ignored/>
  </testcase> <!-- xbmc_BPdesignerpage_BPflow_validation_after_save -->
  <testcase name="xbmc_bpdesignerpage_start_and_invokeBSnormalConnector" time="0.0" classname="Suntec.xbmcsanitytest.Fullflow">
    <ignored/>
  </testcase> <!-- xbmc_bpdesignerpage_start_and_invokeBSnormalConnector -->
  <testcase name="xbmc_bpdesignerpage_join2operator_settings" time="0.0" classname="Suntec.xbmcsanitytest.Fullflow">
    <ignored/>
  </testcase> <!-- xbmc_bpdesignerpage_join2operator_settings -->
  <testcase name="xbmc_bpdesignerpage_end2operator_draganddrop" time="0.0" classname="Suntec.xbmcsanitytest.Fullflow">
    <ignored/>
  </testcase> <!-- xbmc_bpdesignerpage_end2operator_draganddrop -->
  <testcase name="xbmc_bpdesignerpage_Join_and_End2_normalConnector" time="0.0" classname="Suntec.xbmcsanitytest.Fullflow">
    <ignored/>
  </testcase> <!-- xbmc_bpdesignerpage_Join_and_End2_normalConnector -->
  <testcase name="xbmc_bpdesignerpage_joinoperator_draganddrop" time="0.0" classname="Suntec.xbmcsanitytest.Fullflow">
    <ignored/>
  </testcase> <!-- xbmc_bpdesignerpage_joinoperator_draganddrop -->
  <testcase name="xbmc_bpdesignerpage_invokeBSoperator_properties_settings" time="0.0" classname="Suntec.xbmcsanitytest.Fullflow">
    <ignored/>
  </testcase> <!-- xbmc_bpdesignerpage_invokeBSoperator_properties_settings -->
  <testcase name="xbmc_bpdesignerpage_DMExclusive_and_Join_2normalConnector" time="0.0" classname="Suntec.xbmcsanitytest.Fullflow">
    <ignored/>
  </testcase> <!-- xbmc_bpdesignerpage_DMExclusive_and_Join_2normalConnector -->
  <testcase name="check_whether_the_status_is_changed_from_Inactive_to_Active" time="0.0" classname="Suntec.xbmcsanitytest.Fullflow">
    <ignored/>
  </testcase> <!-- check_whether_the_status_is_changed_from_Inactive_to_Active -->
  <testcase name="check_NOrecordfound_displayed_while_search_wrong_Enddate" time="0.0" classname="Suntec.xbmcsanitytest.Fullflow">
    <ignored/>
  </testcase> <!-- check_NOrecordfound_displayed_while_search_wrong_Enddate -->
  <testcase name="check_able_to_search_sessions_by_end_date" time="0.0" classname="Suntec.xbmcsanitytest.Fullflow">
    <ignored/>
  </testcase> <!-- check_able_to_search_sessions_by_end_date -->
  <testcase name="xbmc_bpdesignerpage_DMInclusive_and_Join_2normalConnector" time="0.0" classname="Suntec.xbmcsanitytest.Fullflow">
    <ignored/>
  </testcase> <!-- xbmc_bpdesignerpage_DMInclusive_and_Join_2normalConnector -->
  <testcase name="check_whether_Norecordsfound_is_displayed_in_the_BPAsset_table_when_user_searched_bpasset_that_is_not_prestent_in_assettable" time="0.0" classname="Suntec.xbmcsanitytest.Fullflow">
    <ignored/>
  </testcase> <!-- check_whether_Norecordsfound_is_displayed_in_the_BPAsset_table_when_user_searched_bpasset_that_is_not_prestent_in_assettable -->
  <testcase name="check_wheather_assetname_sessionID_is_same_as_in_BP_session_traceability" time="0.0" classname="Suntec.xbmcsanitytest.Fullflow">
    <ignored/>
  </testcase> <!-- check_wheather_assetname_sessionID_is_same_as_in_BP_session_traceability -->
  <testcase name="xbmc_bpdesignerpage_DMInclusiveoperator_draganddrop" time="0.0" classname="Suntec.xbmcsanitytest.Fullflow">
    <ignored/>
  </testcase> <!-- xbmc_bpdesignerpage_DMInclusiveoperator_draganddrop -->
  <testcase name="check_able_to_search_Sessions_using_Sessionstatus" time="0.0" classname="Suntec.xbmcsanitytest.Fullflow">
    <ignored/>
  </testcase> <!-- check_able_to_search_Sessions_using_Sessionstatus -->
  <testcase name="To_check_disablestopbutton_and_enabled_resumebutton_and_resume_BPSession_for_reprocess_the_failed_data" time="0.0" classname="Suntec.xbmcsanitytest.Fullflow">
    <ignored/>
  </testcase> <!-- To_check_disablestopbutton_and_enabled_resumebutton_and_resume_BPSession_for_reprocess_the_failed_data -->
  <testcase name="open_adminconsole_URL" time="0.0" classname="Suntec.xbmcsanitytest.Fullflow">
    <ignored/>
  </testcase> <!-- open_adminconsole_URL -->
  <testcase name="xbmc_bpdesignerpage_end1operator_draganddrop" time="0.0" classname="Suntec.xbmcsanitytest.Fullflow">
    <ignored/>
  </testcase> <!-- xbmc_bpdesignerpage_end1operator_draganddrop -->
  <testcase name="To_check_GUI_of_SessionDetail_page" time="0.0" classname="Suntec.xbmcsanitytest.Fullflow">
    <ignored/>
  </testcase> <!-- To_check_GUI_of_SessionDetail_page -->
  <testcase name="to_verify_BPname_Filter_by_valuable_assetname" time="0.0" classname="Suntec.xbmcsanitytest.Fullflow">
    <ignored/>
  </testcase> <!-- to_verify_BPname_Filter_by_valuable_assetname -->
  <testcase name="xbmc_pass_inputdata_through_assetAPI" time="0.0" classname="Suntec.xbmcsanitytest.Fullflow">
    <ignored/>
  </testcase> <!-- xbmc_pass_inputdata_through_assetAPI -->
  <testcase name="check_able_to_search_Sessions_using_SessionID" time="0.0" classname="Suntec.xbmcsanitytest.Fullflow">
    <ignored/>
  </testcase> <!-- check_able_to_search_Sessions_using_SessionID -->
  <testcase name="check_able_to_search_sessions_by_start_date" time="0.0" classname="Suntec.xbmcsanitytest.Fullflow">
    <ignored/>
  </testcase> <!-- check_able_to_search_sessions_by_start_date -->
  <testcase name="check_whether_Status_is_inactive" time="0.0" classname="Suntec.xbmcsanitytest.Fullflow">
    <ignored/>
  </testcase> <!-- check_whether_Status_is_inactive -->
  <testcase name="move_to_bpsession_page_by_click_BPsessionbutton" time="0.0" classname="Suntec.xbmcsanitytest.Fullflow">
    <ignored/>
  </testcase> <!-- move_to_bpsession_page_by_click_BPsessionbutton -->
  <testcase name="Start_inactive_BPasset_by_click_play_button_in_adminconsole" time="0.0" classname="Suntec.xbmcsanitytest.Fullflow">
    <ignored/>
  </testcase> <!-- Start_inactive_BPasset_by_click_play_button_in_adminconsole -->
  <testcase name="xbmc_bpdesignerpage_joinoperator_settings" time="0.0" classname="Suntec.xbmcsanitytest.Fullflow">
    <ignored/>
  </testcase> <!-- xbmc_bpdesignerpage_joinoperator_settings -->
  <testcase name="xbmc_bpdesignerpage_DMExclusiveoperator_draganddrop" time="0.0" classname="Suntec.xbmcsanitytest.Fullflow">
    <ignored/>
  </testcase> <!-- xbmc_bpdesignerpage_DMExclusiveoperator_draganddrop -->
</testsuite> <!-- Test -->
