<?xml version="1.0" encoding="UTF-8"?>
<!-- Generated by org.testng.reporters.JUnitXMLReporter -->
<testsuite hostname="sbstjwsvm956" ignored="28" name="Test1" tests="15" failures="4" timestamp="27 Mar 2019 12:45:06 GMT" time="140.825" errors="0">
  <testcase name="open_adminconsole_URL" time="1.682" classname="Suntec.xbmcsanitytest.Maintest"/>
  <testcase name="to_check_whether_BPlist_table_is_available_in_UI" time="0.063" classname="Suntec.xbmcsanitytest.Maintest"/>
  <testcase name="to_check_whether_BPTable_have_Assetlist" time="0.004" classname="Suntec.xbmcsanitytest.Maintest"/>
  <testcase name="to_verify_BPname_Filter_by_valuable_assetname" time="8.952" classname="Suntec.xbmcsanitytest.Maintest"/>
  <testcase name="check_whether_Status_is_inactive" time="8.823" classname="Suntec.xbmcsanitytest.Maintest"/>
  <testcase name="Start_inactive_BPasset_by_click_play_button_in_adminconsole" time="9.69" classname="Suntec.xbmcsanitytest.Maintest"/>
  <testcase name="check_whether_the_status_is_changed_from_Inactive_to_Active" time="8.893" classname="Suntec.xbmcsanitytest.Maintest">
    <failure type="java.lang.AssertionError" message="check whether the status is changed from Inactive to Active is failed">
      <![CDATA[java.lang.AssertionError: check whether the status is changed from Inactive to Active is failed
at Suntec.xbmcsanitytest.Maintest.check_whether_the_status_is_changed_from_Inactive_to_Active(Maintest.java:480)
... Removed 26 stack frames]]>
    </failure>
  </testcase> <!-- check_whether_the_status_is_changed_from_Inactive_to_Active -->
  <testcase name="check_whether_user_can_start_ActivestateBPflow_by_clicking_Startbutton" time="8.812" classname="Suntec.xbmcsanitytest.Maintest">
    <failure type="java.lang.AssertionError" message="check_whether_user_can_start_ActivestateBPflow_by_clicking_Startbutton">
      <![CDATA[java.lang.AssertionError: check_whether_user_can_start_ActivestateBPflow_by_clicking_Startbutton
at Suntec.xbmcsanitytest.Maintest.check_whether_user_can_start_ActivestateBPflow_by_clicking_Startbutton(Maintest.java:494)
... Removed 26 stack frames]]>
    </failure>
  </testcase> <!-- check_whether_user_can_start_ActivestateBPflow_by_clicking_Startbutton -->
  <testcase name="move_to_bpsession_page_by_click_BPsessionbutton" time="9.033" classname="Suntec.xbmcsanitytest.Maintest"/>
  <testcase name="To_check_GUI_of_SessionDetail_page" time="0.276" classname="Suntec.xbmcsanitytest.Maintest"/>
  <testcase name="check_able_to_search_Sessions_using_SessionID" time="26.531" classname="Suntec.xbmcsanitytest.Maintest"/>
  <testcase name="check_able_to_search_Sessions_using_Sessionstatus" time="12.696" classname="Suntec.xbmcsanitytest.Maintest">
    <failure type="java.lang.AssertionError" message="Check whether user is able to search the Sessions using the Session Status.">
      <![CDATA[java.lang.AssertionError: Check whether user is able to search the Sessions using the Session Status.
at Suntec.xbmcsanitytest.Maintest.check_able_to_search_Sessions_using_Sessionstatus(Maintest.java:637)
... Removed 26 stack frames]]>
    </failure>
  </testcase> <!-- check_able_to_search_Sessions_using_Sessionstatus -->
  <testcase name="check_able_to_search_sessions_by_start_date" time="21.995" classname="Suntec.xbmcsanitytest.Maintest"/>
  <testcase name="check_able_to_search_sessions_by_end_date" time="21.858" classname="Suntec.xbmcsanitytest.Maintest"/>
  <testcase name="check_able_to_search_sessions_by_Success_eventcount" time="0.137" classname="Suntec.xbmcsanitytest.Maintest">
    <failure type="java.lang.AssertionError" message="Check whether user is able to search the Sessions using the Success event count.">
      <![CDATA[java.lang.AssertionError: Check whether user is able to search the Sessions using the Success event count.
at Suntec.xbmcsanitytest.Maintest.check_able_to_search_sessions_by_Success_eventcount(Maintest.java:673)
... Removed 26 stack frames]]>
    </failure>
  </testcase> <!-- check_able_to_search_sessions_by_Success_eventcount -->
  <testcase name="xbmc_ContextPageSetup_Releaselist_Selection" time="0.0" classname="Suntec.xbmcsanitytest.Maintest">
    <ignored/>
  </testcase> <!-- xbmc_ContextPageSetup_Releaselist_Selection -->
  <testcase name="To_check_disablestopbutton_and_enabled_resumebutton_and_resume_BPSession_for_reprocess_the_failed_data" time="0.0" classname="Suntec.xbmcsanitytest.Maintest">
    <ignored/>
  </testcase> <!-- To_check_disablestopbutton_and_enabled_resumebutton_and_resume_BPSession_for_reprocess_the_failed_data -->
  <testcase name="xbmc_enter_Login_Credentials_and_click_login_button" time="0.0" classname="Suntec.xbmcsanitytest.Maintest">
    <ignored/>
  </testcase> <!-- xbmc_enter_Login_Credentials_and_click_login_button -->
  <testcase name="to_check_only_one_flow_is_running_for_asset" time="0.0" classname="Suntec.xbmcsanitytest.Maintest">
    <ignored/>
  </testcase> <!-- to_check_only_one_flow_is_running_for_asset -->
  <testcase name="xbmc_stop_bpflow" time="0.0" classname="Suntec.xbmcsanitytest.Maintest">
    <ignored/>
  </testcase> <!-- xbmc_stop_bpflow -->
  <testcase name="xbmc_ContextPageSetup_PMSlist_Selection" time="0.0" classname="Suntec.xbmcsanitytest.Maintest">
    <ignored/>
  </testcase> <!-- xbmc_ContextPageSetup_PMSlist_Selection -->
  <testcase name="check_NOrecordfound_displayed_while_search_wrong_Startdate" time="0.0" classname="Suntec.xbmcsanitytest.Maintest">
    <ignored/>
  </testcase> <!-- check_NOrecordfound_displayed_while_search_wrong_Startdate -->
  <testcase name="check_whether_Norecordsfound_is_displayed_in_the_BPAsset_table_when_user_searched_status_is_not_prestent_in_assettable" time="0.0" classname="Suntec.xbmcsanitytest.Maintest">
    <ignored/>
  </testcase> <!-- check_whether_Norecordsfound_is_displayed_in_the_BPAsset_table_when_user_searched_status_is_not_prestent_in_assettable -->
  <testcase name="check_NOrecordfound_displayed_while_search_wrong_SessionID" time="0.0" classname="Suntec.xbmcsanitytest.Maintest">
    <ignored/>
  </testcase> <!-- check_NOrecordfound_displayed_while_search_wrong_SessionID -->
  <testcase name="xbmc_pass_inputdata_through_assetAPI" time="0.0" classname="Suntec.xbmcsanitytest.Maintest">
    <ignored/>
  </testcase> <!-- xbmc_pass_inputdata_through_assetAPI -->
  <testcase name="xbmc_ContextPageSetup_Department_selection" time="0.0" classname="Suntec.xbmcsanitytest.Maintest">
    <ignored/>
  </testcase> <!-- xbmc_ContextPageSetup_Department_selection -->
  <testcase name="check_paginator_arrows_are_enabled_based_on_pages" time="0.0" classname="Suntec.xbmcsanitytest.Maintest">
    <ignored/>
  </testcase> <!-- check_paginator_arrows_are_enabled_based_on_pages -->
  <testcase name="xbmc_codegenapi_getCodegenresponse_for_give_input_parameter" time="0.0" classname="Suntec.xbmcsanitytest.Maintest">
    <ignored/>
  </testcase> <!-- xbmc_codegenapi_getCodegenresponse_for_give_input_parameter -->
  <testcase name="check_NOrecordfound_displayed_while_search_wrong_Status" time="0.0" classname="Suntec.xbmcsanitytest.Maintest">
    <ignored/>
  </testcase> <!-- check_NOrecordfound_displayed_while_search_wrong_Status -->
  <testcase name="xbmc_uploadtempleteXML_updateNIFIProperties" time="0.0" classname="Suntec.xbmcsanitytest.Maintest">
    <ignored/>
  </testcase> <!-- xbmc_uploadtempleteXML_updateNIFIProperties -->
  <testcase name="check_paginator_is_available_with_left_and_right_arrow" time="0.0" classname="Suntec.xbmcsanitytest.Maintest">
    <ignored/>
  </testcase> <!-- check_paginator_is_available_with_left_and_right_arrow -->
  <testcase name="to_check_homeicon_sunteclogo_paginationicon_inadminconsole_UI" time="0.0" classname="Suntec.xbmcsanitytest.Maintest">
    <ignored/>
  </testcase> <!-- to_check_homeicon_sunteclogo_paginationicon_inadminconsole_UI -->
  <testcase name="check_NOrecordfound_displayed_while_search_wrong_successevent" time="0.0" classname="Suntec.xbmcsanitytest.Maintest">
    <ignored/>
  </testcase> <!-- check_NOrecordfound_displayed_while_search_wrong_successevent -->
  <testcase name="check_NOrecordfound_displayed_while_search_wrong_Enddate" time="0.0" classname="Suntec.xbmcsanitytest.Maintest">
    <ignored/>
  </testcase> <!-- check_NOrecordfound_displayed_while_search_wrong_Enddate -->
  <testcase name="xbmc_ContextPageSetup_Fetch_Release_button_click" time="0.0" classname="Suntec.xbmcsanitytest.Maintest">
    <ignored/>
  </testcase> <!-- xbmc_ContextPageSetup_Fetch_Release_button_click -->
  <testcase name="xbmc_bpdesignerpage_BPdesign" time="0.0" classname="Suntec.xbmcsanitytest.Maintest">
    <ignored/>
  </testcase> <!-- xbmc_bpdesignerpage_BPdesign -->
  <testcase name="back_to_adminconsole_home_page" time="0.0" classname="Suntec.xbmcsanitytest.Maintest">
    <ignored/>
  </testcase> <!-- back_to_adminconsole_home_page -->
  <testcase name="check_whether_Norecordsfound_is_displayed_in_the_BPAsset_table_when_user_searched_bpasset_that_is_not_prestent_in_assettable" time="0.0" classname="Suntec.xbmcsanitytest.Maintest">
    <ignored/>
  </testcase> <!-- check_whether_Norecordsfound_is_displayed_in_the_BPAsset_table_when_user_searched_bpasset_that_is_not_prestent_in_assettable -->
  <testcase name="xbmc_assetpage_Assetsearch" time="0.0" classname="Suntec.xbmcsanitytest.Maintest">
    <ignored/>
  </testcase> <!-- xbmc_assetpage_Assetsearch -->
  <testcase name="xbmc_BPsession_page_validation" time="0.0" classname="Suntec.xbmcsanitytest.Maintest">
    <ignored/>
  </testcase> <!-- xbmc_BPsession_page_validation -->
  <testcase name="xbmc_ContextPageSetup_Module_Selection" time="0.0" classname="Suntec.xbmcsanitytest.Maintest">
    <ignored/>
  </testcase> <!-- xbmc_ContextPageSetup_Module_Selection -->
  <testcase name="open_XBMCURL" time="0.0" classname="Suntec.xbmcsanitytest.Maintest">
    <ignored/>
  </testcase> <!-- open_XBMCURL -->
  <testcase name="xbmc_ContextPageSetup_SetContext_button_click" time="0.0" classname="Suntec.xbmcsanitytest.Maintest">
    <ignored/>
  </testcase> <!-- xbmc_ContextPageSetup_SetContext_button_click -->
</testsuite> <!-- Test1 -->
